{"/Users/bs01621/Projects/nayeem/scrum71/src/js/utils.js": {"path":"/Users/bs01621/Projects/nayeem/scrum71/src/js/utils.js","statementMap":{"0":{"start":{"line":4,"column":26},"end":{"line":4,"column":75}},"1":{"start":{"line":4,"column":32},"end":{"line":4,"column":75}},"2":{"start":{"line":6,"column":41},"end":{"line":15,"column":1}},"3":{"start":{"line":7,"column":23},"end":{"line":7,"column":195}},"4":{"start":{"line":8,"column":18},"end":{"line":8,"column":178}},"5":{"start":{"line":10,"column":16},"end":{"line":10,"column":73}},"6":{"start":{"line":11,"column":17},"end":{"line":11,"column":64}},"7":{"start":{"line":12,"column":16},"end":{"line":12,"column":50}},"8":{"start":{"line":14,"column":4},"end":{"line":14,"column":35}},"9":{"start":{"line":18,"column":25},"end":{"line":42,"column":1}},"10":{"start":{"line":19,"column":22},"end":{"line":19,"column":63}},"11":{"start":{"line":20,"column":4},"end":{"line":20,"column":27}},"12":{"start":{"line":20,"column":20},"end":{"line":20,"column":27}},"13":{"start":{"line":22,"column":18},"end":{"line":22,"column":47}},"14":{"start":{"line":23,"column":4},"end":{"line":23,"column":38}},"15":{"start":{"line":25,"column":18},"end":{"line":30,"column":5}},"16":{"start":{"line":32,"column":4},"end":{"line":36,"column":6}},"17":{"start":{"line":38,"column":4},"end":{"line":38,"column":33}},"18":{"start":{"line":39,"column":21},"end":{"line":39,"column":56}},"19":{"start":{"line":40,"column":4},"end":{"line":40,"column":62}},"20":{"start":{"line":40,"column":18},"end":{"line":40,"column":62}},"21":{"start":{"line":40,"column":43},"end":{"line":40,"column":61}},"22":{"start":{"line":41,"column":4},"end":{"line":41,"column":47}},"23":{"start":{"line":41,"column":21},"end":{"line":41,"column":39}},"24":{"start":{"line":44,"column":27},"end":{"line":47,"column":1}},"25":{"start":{"line":45,"column":4},"end":{"line":45,"column":34}},"26":{"start":{"line":46,"column":4},"end":{"line":46,"column":42}},"27":{"start":{"line":46,"column":21},"end":{"line":46,"column":35}},"28":{"start":{"line":49,"column":35},"end":{"line":61,"column":1}},"29":{"start":{"line":50,"column":21},"end":{"line":50,"column":76}},"30":{"start":{"line":52,"column":4},"end":{"line":60,"column":53}},"31":{"start":{"line":53,"column":20},"end":{"line":53,"column":49}},"32":{"start":{"line":54,"column":23},"end":{"line":54,"column":51}},"33":{"start":{"line":56,"column":8},"end":{"line":58,"column":9}},"34":{"start":{"line":57,"column":12},"end":{"line":57,"column":46}},"35":{"start":{"line":59,"column":8},"end":{"line":59,"column":23}},"36":{"start":{"line":63,"column":35},"end":{"line":69,"column":1}},"37":{"start":{"line":64,"column":18},"end":{"line":64,"column":35}},"38":{"start":{"line":65,"column":4},"end":{"line":68,"column":6}},"39":{"start":{"line":66,"column":45},"end":{"line":66,"column":78}},"40":{"start":{"line":67,"column":47},"end":{"line":67,"column":79}}},"fnMap":{"0":{"name":"(anonymous_0)","decl":{"start":{"line":4,"column":26},"end":{"line":4,"column":27}},"loc":{"start":{"line":4,"column":32},"end":{"line":4,"column":75}},"line":4},"1":{"name":"(anonymous_1)","decl":{"start":{"line":6,"column":41},"end":{"line":6,"column":42}},"loc":{"start":{"line":6,"column":47},"end":{"line":15,"column":1}},"line":6},"2":{"name":"(anonymous_2)","decl":{"start":{"line":18,"column":25},"end":{"line":18,"column":26}},"loc":{"start":{"line":18,"column":53},"end":{"line":42,"column":1}},"line":18},"3":{"name":"(anonymous_3)","decl":{"start":{"line":40,"column":37},"end":{"line":40,"column":38}},"loc":{"start":{"line":40,"column":43},"end":{"line":40,"column":61}},"line":40},"4":{"name":"(anonymous_4)","decl":{"start":{"line":41,"column":15},"end":{"line":41,"column":16}},"loc":{"start":{"line":41,"column":21},"end":{"line":41,"column":39}},"line":41},"5":{"name":"(anonymous_5)","decl":{"start":{"line":44,"column":27},"end":{"line":44,"column":28}},"loc":{"start":{"line":44,"column":38},"end":{"line":47,"column":1}},"line":44},"6":{"name":"(anonymous_6)","decl":{"start":{"line":46,"column":15},"end":{"line":46,"column":16}},"loc":{"start":{"line":46,"column":21},"end":{"line":46,"column":35}},"line":46},"7":{"name":"(anonymous_7)","decl":{"start":{"line":49,"column":35},"end":{"line":49,"column":36}},"loc":{"start":{"line":49,"column":53},"end":{"line":61,"column":1}},"line":49},"8":{"name":"(anonymous_8)","decl":{"start":{"line":52,"column":27},"end":{"line":52,"column":28}},"loc":{"start":{"line":52,"column":47},"end":{"line":60,"column":5}},"line":52},"9":{"name":"(anonymous_9)","decl":{"start":{"line":63,"column":35},"end":{"line":63,"column":36}},"loc":{"start":{"line":63,"column":45},"end":{"line":69,"column":1}},"line":63},"10":{"name":"(anonymous_10)","decl":{"start":{"line":66,"column":30},"end":{"line":66,"column":31}},"loc":{"start":{"line":66,"column":45},"end":{"line":66,"column":78}},"line":66},"11":{"name":"(anonymous_11)","decl":{"start":{"line":67,"column":32},"end":{"line":67,"column":33}},"loc":{"start":{"line":67,"column":47},"end":{"line":67,"column":79}},"line":67}},"branchMap":{"0":{"loc":{"start":{"line":18,"column":35},"end":{"line":18,"column":48}},"type":"default-arg","locations":[{"start":{"line":18,"column":42},"end":{"line":18,"column":48}}],"line":18},"1":{"loc":{"start":{"line":20,"column":4},"end":{"line":20,"column":27}},"type":"if","locations":[{"start":{"line":20,"column":4},"end":{"line":20,"column":27}},{"start":{},"end":{}}],"line":20},"2":{"loc":{"start":{"line":40,"column":4},"end":{"line":40,"column":62}},"type":"if","locations":[{"start":{"line":40,"column":4},"end":{"line":40,"column":62}},{"start":{},"end":{}}],"line":40},"3":{"loc":{"start":{"line":56,"column":8},"end":{"line":58,"column":9}},"type":"if","locations":[{"start":{"line":56,"column":8},"end":{"line":58,"column":9}},{"start":{},"end":{}}],"line":56},"4":{"loc":{"start":{"line":56,"column":12},"end":{"line":56,"column":49}},"type":"binary-expr","locations":[{"start":{"line":56,"column":12},"end":{"line":56,"column":22}},{"start":{"line":56,"column":26},"end":{"line":56,"column":49}}],"line":56},"5":{"loc":{"start":{"line":64,"column":18},"end":{"line":64,"column":35}},"type":"binary-expr","locations":[{"start":{"line":64,"column":18},"end":{"line":64,"column":29}},{"start":{"line":64,"column":33},"end":{"line":64,"column":35}}],"line":64},"6":{"loc":{"start":{"line":66,"column":52},"end":{"line":66,"column":77}},"type":"binary-expr","locations":[{"start":{"line":66,"column":52},"end":{"line":66,"column":72}},{"start":{"line":66,"column":76},"end":{"line":66,"column":77}}],"line":66},"7":{"loc":{"start":{"line":67,"column":54},"end":{"line":67,"column":78}},"type":"binary-expr","locations":[{"start":{"line":67,"column":54},"end":{"line":67,"column":73}},{"start":{"line":67,"column":77},"end":{"line":67,"column":78}}],"line":67}},"s":{"0":2,"1":3,"2":2,"3":0,"4":0,"5":0,"6":0,"7":0,"8":0,"9":2,"10":0,"11":0,"12":0,"13":0,"14":0,"15":0,"16":0,"17":0,"18":0,"19":0,"20":0,"21":0,"22":0,"23":0,"24":2,"25":0,"26":0,"27":0,"28":2,"29":0,"30":0,"31":0,"32":0,"33":0,"34":0,"35":0,"36":2,"37":4,"38":4,"39":6,"40":6},"f":{"0":3,"1":0,"2":0,"3":0,"4":0,"5":0,"6":0,"7":0,"8":0,"9":4,"10":6,"11":6},"b":{"0":[0],"1":[0,0],"2":[0,0],"3":[0,0],"4":[0,0],"5":[4,1],"6":[6,2],"7":[6,3]},"_coverageSchema":"1a1c01bbd47fc00a2c39e90264f33305004495a9","hash":"ec33b4c3fa6676738f79d3eb908ee361e0deb7b1"}
}
