TN:
SF:src/js/utils.js
FN:4,(anonymous_0)
FN:6,(anonymous_1)
FN:18,(anonymous_2)
FN:40,(anonymous_3)
FN:41,(anonymous_4)
FN:44,(anonymous_5)
FN:46,(anonymous_6)
FN:49,(anonymous_7)
FN:52,(anonymous_8)
FN:63,(anonymous_9)
FN:66,(anonymous_10)
FN:67,(anonymous_11)
FNF:12
FNH:4
FNDA:3,(anonymous_0)
FNDA:0,(anonymous_1)
FNDA:0,(anonymous_2)
FNDA:0,(anonymous_3)
FNDA:0,(anonymous_4)
FNDA:0,(anonymous_5)
FNDA:0,(anonymous_6)
FNDA:0,(anonymous_7)
FNDA:0,(anonymous_8)
FNDA:4,(anonymous_9)
FNDA:6,(anonymous_10)
FNDA:6,(anonymous_11)
DA:4,3
DA:6,2
DA:7,0
DA:8,0
DA:10,0
DA:11,0
DA:12,0
DA:14,0
DA:18,2
DA:19,0
DA:20,0
DA:22,0
DA:23,0
DA:25,0
DA:32,0
DA:38,0
DA:39,0
DA:40,0
DA:41,0
DA:44,2
DA:45,0
DA:46,0
DA:49,2
DA:50,0
DA:52,0
DA:53,0
DA:54,0
DA:56,0
DA:57,0
DA:59,0
DA:63,2
DA:64,4
DA:65,4
DA:66,6
DA:67,6
LF:35
LH:10
BRDA:18,0,0,0
BRDA:20,1,0,0
BRDA:20,1,1,0
BRDA:40,2,0,0
BRDA:40,2,1,0
BRDA:56,3,0,0
BRDA:56,3,1,0
BRDA:56,4,0,0
BRDA:56,4,1,0
BRDA:64,5,0,4
BRDA:64,5,1,1
BRDA:66,6,0,6
BRDA:66,6,1,2
BRDA:67,7,0,6
BRDA:67,7,1,3
BRF:15
BRH:6
end_of_record
